driver/build/intermediates/manifest_merge_blame_file/debug/manifest-merger-blame-debug-report.txt
1<?xml version="1.0" encoding="utf-8"?>
2<manifest xmlns:android="http://schemas.android.com/apk/res/android"
3    package="com.vehicle.driver"
4    android:versionCode="1"
5    android:versionName="1.0" >
6
7    <uses-sdk
8        android:minSdkVersion="21"
8-->src\main\AndroidManifest.xml
9        android:targetSdkVersion="33" />
9-->src\main\AndroidManifest.xml
10
11    <uses-permission android:name="android.permission.POST_NOTIFICATIONS" />
11-->src\main\AndroidManifest.xml:3:1-72
11-->src\main\AndroidManifest.xml:3:18-70
12
13    <uses-feature
13-->src\main\AndroidManifest.xml:4:5-6:36
14        android:name="android.hardware.camera.any"
14-->src\main\AndroidManifest.xml:5:9-51
15        android:required="false" />
15-->src\main\AndroidManifest.xml:6:9-33
16    <uses-feature
16-->src\main\AndroidManifest.xml:7:5-9:36
17        android:name="android.hardware.camera.autofocus"
17-->src\main\AndroidManifest.xml:8:9-57
18        android:required="false" />
18-->src\main\AndroidManifest.xml:9:9-33
19    <uses-feature
19-->src\main\AndroidManifest.xml:10:5-12:36
20        android:name="android.hardware.camera.flash"
20-->src\main\AndroidManifest.xml:11:9-53
21        android:required="false" />
21-->src\main\AndroidManifest.xml:12:9-33
22
23    <uses-permission android:name="android.permission.CAMERA" />
23-->src\main\AndroidManifest.xml:14:5-65
23-->src\main\AndroidManifest.xml:14:22-62
24    <uses-permission android:name="ANDROID.PERMISSION.READ_EXTERNAL_STORAGE" />
24-->src\main\AndroidManifest.xml:15:5-79
24-->src\main\AndroidManifest.xml:15:22-77
25    <uses-permission android:name="android.permission.READ_EXTERNAL_STORAGE" />
25-->[com.github.Drjacky:ImagePicker:2.3.22] AndroidManifest.xml:9:5-80
25-->[com.github.Drjacky:ImagePicker:2.3.22] AndroidManifest.xml:9:22-77
26    <uses-permission
26-->[com.github.Drjacky:ImagePicker:2.3.22] AndroidManifest.xml:10:5-12:38
27        android:name="android.permission.WRITE_EXTERNAL_STORAGE"
27-->[com.github.Drjacky:ImagePicker:2.3.22] AndroidManifest.xml:11:9-65
28        android:maxSdkVersion="28" />
28-->[com.github.Drjacky:ImagePicker:2.3.22] AndroidManifest.xml:12:9-35
29
30    <queries>
30-->[com.github.Drjacky:ImagePicker:2.3.22] AndroidManifest.xml:14:5-36:15
31
32        <!-- Gallery -->
33        <intent>
33-->[com.github.Drjacky:ImagePicker:2.3.22] AndroidManifest.xml:17:9-23:18
34            <action android:name="android.intent.action.GET_CONTENT" />
34-->[com.github.Drjacky:ImagePicker:2.3.22] AndroidManifest.xml:18:13-72
34-->[com.github.Drjacky:ImagePicker:2.3.22] AndroidManifest.xml:18:21-69
35
36            <category android:name="android.intent.category.OPENABLE" />
36-->[com.github.Drjacky:ImagePicker:2.3.22] AndroidManifest.xml:20:13-73
36-->[com.github.Drjacky:ImagePicker:2.3.22] AndroidManifest.xml:20:23-70
37
38            <data android:mimeType="image/*" />
38-->[com.github.Drjacky:ImagePicker:2.3.22] AndroidManifest.xml:22:13-48
38-->[com.github.Drjacky:ImagePicker:2.3.22] AndroidManifest.xml:22:19-45
39        </intent>
40        <intent>
40-->[com.github.Drjacky:ImagePicker:2.3.22] AndroidManifest.xml:24:9-28:18
41            <action android:name="android.intent.action.PICK" />
41-->[com.github.Drjacky:ImagePicker:2.3.22] AndroidManifest.xml:25:13-65
41-->[com.github.Drjacky:ImagePicker:2.3.22] AndroidManifest.xml:25:21-62
42
43            <data android:mimeType="image/*" />
43-->[com.github.Drjacky:ImagePicker:2.3.22] AndroidManifest.xml:22:13-48
43-->[com.github.Drjacky:ImagePicker:2.3.22] AndroidManifest.xml:22:19-45
44        </intent>
45        <intent>
45-->[com.github.Drjacky:ImagePicker:2.3.22] AndroidManifest.xml:29:9-31:18
46            <action android:name="android.intent.action.CHOOSER" />
46-->[com.github.Drjacky:ImagePicker:2.3.22] AndroidManifest.xml:30:13-68
46-->[com.github.Drjacky:ImagePicker:2.3.22] AndroidManifest.xml:30:21-65
47        </intent>
48        <!-- Camera -->
49        <intent>
49-->[com.github.Drjacky:ImagePicker:2.3.22] AndroidManifest.xml:33:9-35:18
50            <action android:name="android.media.action.IMAGE_CAPTURE" />
50-->[com.github.Drjacky:ImagePicker:2.3.22] AndroidManifest.xml:34:13-73
50-->[com.github.Drjacky:ImagePicker:2.3.22] AndroidManifest.xml:34:21-70
51        </intent>
52    </queries>
53
54    <uses-permission android:name="android.permission.ACCESS_NETWORK_STATE" />
54-->[com.google.firebase:firebase-messaging:23.1.2] AndroidManifest.xml:24:5-79
54-->[com.google.firebase:firebase-messaging:23.1.2] AndroidManifest.xml:24:22-76
55    <uses-permission android:name="android.permission.WAKE_LOCK" /> <!-- Required by older versions of Google Play services to create IID tokens -->
55-->[com.google.firebase:firebase-messaging:23.1.2] AndroidManifest.xml:26:5-68
55-->[com.google.firebase:firebase-messaging:23.1.2] AndroidManifest.xml:26:22-65
56    <uses-permission android:name="com.google.android.c2dm.permission.RECEIVE" />
56-->[com.google.firebase:firebase-messaging:23.1.2] AndroidManifest.xml:28:5-82
56-->[com.google.firebase:firebase-messaging:23.1.2] AndroidManifest.xml:28:22-79
57    <uses-permission android:name="android.permission.RECEIVE_BOOT_COMPLETED" />
57-->[androidx.work:work-runtime:2.8.0] AndroidManifest.xml:25:5-81
57-->[androidx.work:work-runtime:2.8.0] AndroidManifest.xml:25:22-78
58    <uses-permission android:name="android.permission.FOREGROUND_SERVICE" />
58-->[androidx.work:work-runtime:2.8.0] AndroidManifest.xml:26:5-77
58-->[androidx.work:work-runtime:2.8.0] AndroidManifest.xml:26:22-74
59    <uses-permission android:name="android.permission.INTERNET" />
59-->[com.google.firebase:firebase-auth:21.1.0] AndroidManifest.xml:23:5-67
59-->[com.google.firebase:firebase-auth:21.1.0] AndroidManifest.xml:23:22-64
60    <uses-permission android:name="com.google.android.gms.permission.AD_ID" />
60-->[com.google.android.gms:play-services-measurement-api:21.2.0] AndroidManifest.xml:25:5-79
60-->[com.google.android.gms:play-services-measurement-api:21.2.0] AndroidManifest.xml:25:22-76
61    <uses-permission android:name="com.google.android.finsky.permission.BIND_GET_INSTALL_REFERRER_SERVICE" />
61-->[com.google.android.gms:play-services-measurement:21.2.0] AndroidManifest.xml:26:5-110
61-->[com.google.android.gms:play-services-measurement:21.2.0] AndroidManifest.xml:26:22-107
62
63    <permission
63-->[androidx.core:core:1.9.0] AndroidManifest.xml:22:5-24:47
64        android:name="com.vehicle.driver.DYNAMIC_RECEIVER_NOT_EXPORTED_PERMISSION"
64-->[androidx.core:core:1.9.0] AndroidManifest.xml:23:9-81
65        android:protectionLevel="signature" />
65-->[androidx.core:core:1.9.0] AndroidManifest.xml:24:9-44
66
67    <uses-permission android:name="com.vehicle.driver.DYNAMIC_RECEIVER_NOT_EXPORTED_PERMISSION" />
67-->[androidx.core:core:1.9.0] AndroidManifest.xml:26:5-97
67-->[androidx.core:core:1.9.0] AndroidManifest.xml:26:22-94
68
69    <application
69-->src\main\AndroidManifest.xml:17:5-82:19
70        android:allowBackup="true"
70-->src\main\AndroidManifest.xml:18:9-35
71        android:appComponentFactory="androidx.core.app.CoreComponentFactory"
71-->[androidx.core:core:1.9.0] AndroidManifest.xml:28:18-86
72        android:debuggable="true"
73        android:icon="@mipmap/ic_launcher"
73-->src\main\AndroidManifest.xml:19:9-43
74        android:label="@string/app_name"
74-->src\main\AndroidManifest.xml:20:9-41
75        android:roundIcon="@mipmap/ic_launcher_round"
75-->src\main\AndroidManifest.xml:21:9-54
76        android:supportsRtl="true"
76-->src\main\AndroidManifest.xml:22:9-35
77        android:theme="@style/Theme.Vehicle" >
77-->src\main\AndroidManifest.xml:23:9-45
78        <activity
78-->src\main\AndroidManifest.xml:24:9-31:20
79            android:name="com.vehicle.driver.view.AddVehicleActivity"
79-->src\main\AndroidManifest.xml:25:13-52
80            android:exported="true" >
80-->src\main\AndroidManifest.xml:26:13-36
81            <meta-data
81-->src\main\AndroidManifest.xml:28:13-30:36
82                android:name="android.app.lib_name"
82-->src\main\AndroidManifest.xml:29:17-52
83                android:value="" />
83-->src\main\AndroidManifest.xml:30:17-33
84        </activity>
85        <activity
85-->src\main\AndroidManifest.xml:32:9-38:20
86            android:name="com.vehicle.driver.view.VerificationActivity"
86-->src\main\AndroidManifest.xml:33:13-54
87            android:exported="false" >
87-->src\main\AndroidManifest.xml:34:13-37
88            <meta-data
88-->src\main\AndroidManifest.xml:28:13-30:36
89                android:name="android.app.lib_name"
89-->src\main\AndroidManifest.xml:29:17-52
90                android:value="" />
90-->src\main\AndroidManifest.xml:30:17-33
91        </activity>
92        <activity
92-->src\main\AndroidManifest.xml:39:9-45:20
93            android:name="com.vehicle.driver.view.ProfileSetUpActivity"
93-->src\main\AndroidManifest.xml:40:13-54
94            android:exported="false" >
94-->src\main\AndroidManifest.xml:41:13-37
95            <meta-data
95-->src\main\AndroidManifest.xml:28:13-30:36
96                android:name="android.app.lib_name"
96-->src\main\AndroidManifest.xml:29:17-52
97                android:value="" />
97-->src\main\AndroidManifest.xml:30:17-33
98        </activity>
99        <activity
99-->src\main\AndroidManifest.xml:46:9-58:20
100            android:name="com.vehicle.driver.view.SignInActivity"
100-->src\main\AndroidManifest.xml:47:13-48
101            android:exported="true" >
101-->src\main\AndroidManifest.xml:48:13-36
102            <intent-filter>
102-->src\main\AndroidManifest.xml:50:13-54:29
103                <action android:name="android.intent.action.MAIN" />
103-->src\main\AndroidManifest.xml:51:17-69
103-->src\main\AndroidManifest.xml:51:25-66
104
105                <category android:name="android.intent.category.LAUNCHER" />
105-->src\main\AndroidManifest.xml:53:17-77
105-->src\main\AndroidManifest.xml:53:27-74
106            </intent-filter>
107
108            <meta-data
108-->src\main\AndroidManifest.xml:28:13-30:36
109                android:name="android.app.lib_name"
109-->src\main\AndroidManifest.xml:29:17-52
110                android:value="" />
110-->src\main\AndroidManifest.xml:30:17-33
111        </activity>
112        <activity
112-->src\main\AndroidManifest.xml:59:9-65:20
113            android:name="com.vehicle.driver.view.SignUpActivity"
113-->src\main\AndroidManifest.xml:60:13-48
114            android:exported="false" >
114-->src\main\AndroidManifest.xml:61:13-37
115            <meta-data
115-->src\main\AndroidManifest.xml:28:13-30:36
116                android:name="android.app.lib_name"
116-->src\main\AndroidManifest.xml:29:17-52
117                android:value="" />
117-->src\main\AndroidManifest.xml:30:17-33
118        </activity>
119        <activity
119-->src\main\AndroidManifest.xml:66:9-72:20
120            android:name="com.vehicle.driver.view.MainActivity"
120-->src\main\AndroidManifest.xml:67:13-46
121            android:exported="true" >
121-->src\main\AndroidManifest.xml:68:13-36
122            <meta-data
122-->src\main\AndroidManifest.xml:28:13-30:36
123                android:name="android.app.lib_name"
123-->src\main\AndroidManifest.xml:29:17-52
124                android:value="" />
124-->src\main\AndroidManifest.xml:30:17-33
125        </activity>
126
127        <service
127-->src\main\AndroidManifest.xml:74:9-80:19
128            android:name="com.vehicle.driver.view.MyFirebaseMessagingService"
128-->src\main\AndroidManifest.xml:75:13-60
129            android:exported="false" >
129-->src\main\AndroidManifest.xml:76:13-37
130            <intent-filter>
130-->src\main\AndroidManifest.xml:77:13-79:29
131                <action android:name="com.google.firebase.MESSAGING_EVENT" />
131-->src\main\AndroidManifest.xml:78:17-78
131-->src\main\AndroidManifest.xml:78:25-75
132            </intent-filter>
133        </service>
134
135        <activity
135-->[com.github.Drjacky:ImagePicker:2.3.22] AndroidManifest.xml:39:9-42:68
136            android:name="com.github.drjacky.imagepicker.ImagePickerActivity"
136-->[com.github.Drjacky:ImagePicker:2.3.22] AndroidManifest.xml:40:13-78
137            android:screenOrientation="unspecified"
137-->[com.github.Drjacky:ImagePicker:2.3.22] AndroidManifest.xml:41:13-52
138            android:theme="@style/Theme.Transparent.ImagePicker" />
138-->[com.github.Drjacky:ImagePicker:2.3.22] AndroidManifest.xml:42:13-65
139        <activity
139-->[com.github.Drjacky:ImagePicker:2.3.22] AndroidManifest.xml:43:9-46:72
140            android:name="com.yalantis.ucrop.UCropActivity"
140-->[com.github.Drjacky:ImagePicker:2.3.22] AndroidManifest.xml:44:13-60
141            android:screenOrientation="portrait"
141-->[com.github.Drjacky:ImagePicker:2.3.22] AndroidManifest.xml:45:13-49
142            android:theme="@style/Theme.AppCompat.Light.NoActionBar" />
142-->[com.github.Drjacky:ImagePicker:2.3.22] AndroidManifest.xml:46:13-69
143
144        <provider
144-->[com.github.Drjacky:ImagePicker:2.3.22] AndroidManifest.xml:48:9-56:20
145            android:name="com.github.drjacky.imagepicker.ImagePickerFileProvider"
145-->[com.github.Drjacky:ImagePicker:2.3.22] AndroidManifest.xml:49:13-82
146            android:authorities="com.vehicle.driver.imagepicker.provider"
146-->[com.github.Drjacky:ImagePicker:2.3.22] AndroidManifest.xml:50:13-72
147            android:exported="false"
147-->[com.github.Drjacky:ImagePicker:2.3.22] AndroidManifest.xml:51:13-37
148            android:grantUriPermissions="true" >
148-->[com.github.Drjacky:ImagePicker:2.3.22] AndroidManifest.xml:52:13-47
149            <meta-data
149-->[com.github.Drjacky:ImagePicker:2.3.22] AndroidManifest.xml:53:13-55:71
150                android:name="android.support.FILE_PROVIDER_PATHS"
150-->[com.github.Drjacky:ImagePicker:2.3.22] AndroidManifest.xml:54:17-67
151                android:resource="@xml/image_picker_provider_paths" />
151-->[com.github.Drjacky:ImagePicker:2.3.22] AndroidManifest.xml:55:17-68
152        </provider>
153
154        <receiver
154-->[com.google.firebase:firebase-messaging:23.1.2] AndroidManifest.xml:31:9-38:20
155            android:name="com.google.firebase.iid.FirebaseInstanceIdReceiver"
155-->[com.google.firebase:firebase-messaging:23.1.2] AndroidManifest.xml:32:13-78
156            android:exported="true"
156-->[com.google.firebase:firebase-messaging:23.1.2] AndroidManifest.xml:33:13-36
157            android:permission="com.google.android.c2dm.permission.SEND" >
157-->[com.google.firebase:firebase-messaging:23.1.2] AndroidManifest.xml:34:13-73
158            <intent-filter>
158-->[com.google.firebase:firebase-messaging:23.1.2] AndroidManifest.xml:35:13-37:29
159                <action android:name="com.google.android.c2dm.intent.RECEIVE" />
159-->[com.google.firebase:firebase-messaging:23.1.2] AndroidManifest.xml:36:17-81
159-->[com.google.firebase:firebase-messaging:23.1.2] AndroidManifest.xml:36:25-78
160            </intent-filter>
161        </receiver>
162        <!--
163             FirebaseMessagingService performs security checks at runtime,
164             but set to not exported to explicitly avoid allowing another app to call it.
165        -->
166        <service
166-->[com.google.firebase:firebase-messaging:23.1.2] AndroidManifest.xml:44:9-51:19
167            android:name="com.google.firebase.messaging.FirebaseMessagingService"
167-->[com.google.firebase:firebase-messaging:23.1.2] AndroidManifest.xml:45:13-82
168            android:directBootAware="true"
168-->[com.google.firebase:firebase-messaging:23.1.2] AndroidManifest.xml:46:13-43
169            android:exported="false" >
169-->[com.google.firebase:firebase-messaging:23.1.2] AndroidManifest.xml:47:13-37
170            <intent-filter android:priority="-500" >
170-->src\main\AndroidManifest.xml:77:13-79:29
171                <action android:name="com.google.firebase.MESSAGING_EVENT" />
171-->src\main\AndroidManifest.xml:78:17-78
171-->src\main\AndroidManifest.xml:78:25-75
172            </intent-filter>
173        </service>
174        <service
174-->[com.google.firebase:firebase-messaging:23.1.2] AndroidManifest.xml:52:9-58:19
175            android:name="com.google.firebase.components.ComponentDiscoveryService"
175-->[com.google.firebase:firebase-messaging:23.1.2] AndroidManifest.xml:53:13-84
176            android:directBootAware="true"
176-->[com.google.firebase:firebase-common:20.3.1] AndroidManifest.xml:34:13-43
177            android:exported="false" >
177-->[com.google.firebase:firebase-messaging:23.1.2] AndroidManifest.xml:54:13-37
178            <meta-data
178-->[com.google.firebase:firebase-messaging:23.1.2] AndroidManifest.xml:55:13-57:85
179                android:name="com.google.firebase.components:com.google.firebase.messaging.FirebaseMessagingRegistrar"
179-->[com.google.firebase:firebase-messaging:23.1.2] AndroidManifest.xml:56:17-119
180                android:value="com.google.firebase.components.ComponentRegistrar" />
180-->[com.google.firebase:firebase-messaging:23.1.2] AndroidManifest.xml:57:17-82
181            <meta-data
181-->[com.google.firebase:firebase-auth:21.1.0] AndroidManifest.xml:67:13-69:85
182                android:name="com.google.firebase.components:com.google.firebase.auth.FirebaseAuthRegistrar"
182-->[com.google.firebase:firebase-auth:21.1.0] AndroidManifest.xml:68:17-109
183                android:value="com.google.firebase.components.ComponentRegistrar" />
183-->[com.google.firebase:firebase-auth:21.1.0] AndroidManifest.xml:69:17-82
184            <meta-data
184-->[com.google.firebase:firebase-storage:20.1.0] AndroidManifest.xml:32:13-34:85
185                android:name="com.google.firebase.components:com.google.firebase.storage.StorageRegistrar"
185-->[com.google.firebase:firebase-storage:20.1.0] AndroidManifest.xml:33:17-107
186                android:value="com.google.firebase.components.ComponentRegistrar" />
186-->[com.google.firebase:firebase-storage:20.1.0] AndroidManifest.xml:34:17-82
187            <meta-data
187-->[com.google.firebase:firebase-firestore:24.4.4] AndroidManifest.xml:19:13-21:85
188                android:name="com.google.firebase.components:com.google.firebase.firestore.FirestoreRegistrar"
188-->[com.google.firebase:firebase-firestore:24.4.4] AndroidManifest.xml:20:17-111
189                android:value="com.google.firebase.components.ComponentRegistrar" />
189-->[com.google.firebase:firebase-firestore:24.4.4] AndroidManifest.xml:21:17-82
190            <meta-data
190-->[com.google.firebase:firebase-datatransport:18.1.7] AndroidManifest.xml:27:13-29:85
191                android:name="com.google.firebase.components:com.google.firebase.datatransport.TransportRegistrar"
191-->[com.google.firebase:firebase-datatransport:18.1.7] AndroidManifest.xml:28:17-115
192                android:value="com.google.firebase.components.ComponentRegistrar" />
192-->[com.google.firebase:firebase-datatransport:18.1.7] AndroidManifest.xml:29:17-82
193            <meta-data
193-->[com.google.android.gms:play-services-measurement-api:21.2.0] AndroidManifest.xml:31:13-33:85
194                android:name="com.google.firebase.components:com.google.firebase.analytics.connector.internal.AnalyticsConnectorRegistrar"
194-->[com.google.android.gms:play-services-measurement-api:21.2.0] AndroidManifest.xml:32:17-139
195                android:value="com.google.firebase.components.ComponentRegistrar" />
195-->[com.google.android.gms:play-services-measurement-api:21.2.0] AndroidManifest.xml:33:17-82
196            <meta-data
196-->[com.google.firebase:firebase-installations:17.1.3] AndroidManifest.xml:17:13-19:85
197                android:name="com.google.firebase.components:com.google.firebase.installations.FirebaseInstallationsRegistrar"
197-->[com.google.firebase:firebase-installations:17.1.3] AndroidManifest.xml:18:17-127
198                android:value="com.google.firebase.components.ComponentRegistrar" />
198-->[com.google.firebase:firebase-installations:17.1.3] AndroidManifest.xml:19:17-82
199        </service>
200
201        <provider
201-->[androidx.work:work-runtime:2.8.0] AndroidManifest.xml:29:9-37:20
202            android:name="androidx.startup.InitializationProvider"
202-->[androidx.work:work-runtime:2.8.0] AndroidManifest.xml:30:13-67
203            android:authorities="com.vehicle.driver.androidx-startup"
203-->[androidx.work:work-runtime:2.8.0] AndroidManifest.xml:31:13-68
204            android:exported="false" >
204-->[androidx.work:work-runtime:2.8.0] AndroidManifest.xml:32:13-37
205            <meta-data
205-->[androidx.work:work-runtime:2.8.0] AndroidManifest.xml:34:13-36:52
206                android:name="androidx.work.WorkManagerInitializer"
206-->[androidx.work:work-runtime:2.8.0] AndroidManifest.xml:35:17-68
207                android:value="androidx.startup" />
207-->[androidx.work:work-runtime:2.8.0] AndroidManifest.xml:36:17-49
208            <meta-data
208-->[androidx.emoji2:emoji2:1.2.0] AndroidManifest.xml:29:13-31:52
209                android:name="androidx.emoji2.text.EmojiCompatInitializer"
209-->[androidx.emoji2:emoji2:1.2.0] AndroidManifest.xml:30:17-75
210                android:value="androidx.startup" />
210-->[androidx.emoji2:emoji2:1.2.0] AndroidManifest.xml:31:17-49
211            <meta-data
211-->[androidx.lifecycle:lifecycle-process:2.4.1] AndroidManifest.xml:31:13-33:52
212                android:name="androidx.lifecycle.ProcessLifecycleInitializer"
212-->[androidx.lifecycle:lifecycle-process:2.4.1] AndroidManifest.xml:32:17-78
213                android:value="androidx.startup" />
213-->[androidx.lifecycle:lifecycle-process:2.4.1] AndroidManifest.xml:33:17-49
214        </provider>
215
216        <service
216-->[androidx.work:work-runtime:2.8.0] AndroidManifest.xml:39:9-45:35
217            android:name="androidx.work.impl.background.systemalarm.SystemAlarmService"
217-->[androidx.work:work-runtime:2.8.0] AndroidManifest.xml:40:13-88
218            android:directBootAware="false"
218-->[androidx.work:work-runtime:2.8.0] AndroidManifest.xml:41:13-44
219            android:enabled="@bool/enable_system_alarm_service_default"
219-->[androidx.work:work-runtime:2.8.0] AndroidManifest.xml:42:13-72
220            android:exported="false" />
220-->[androidx.work:work-runtime:2.8.0] AndroidManifest.xml:43:13-37
221        <service
221-->[androidx.work:work-runtime:2.8.0] AndroidManifest.xml:46:9-52:35
222            android:name="androidx.work.impl.background.systemjob.SystemJobService"
222-->[androidx.work:work-runtime:2.8.0] AndroidManifest.xml:47:13-84
223            android:directBootAware="false"
223-->[androidx.work:work-runtime:2.8.0] AndroidManifest.xml:48:13-44
224            android:enabled="@bool/enable_system_job_service_default"
224-->[androidx.work:work-runtime:2.8.0] AndroidManifest.xml:49:13-70
225            android:exported="true"
225-->[androidx.work:work-runtime:2.8.0] AndroidManifest.xml:50:13-36
226            android:permission="android.permission.BIND_JOB_SERVICE" />
226-->[androidx.work:work-runtime:2.8.0] AndroidManifest.xml:51:13-69
227        <service
227-->[androidx.work:work-runtime:2.8.0] AndroidManifest.xml:53:9-59:35
228            android:name="androidx.work.impl.foreground.SystemForegroundService"
228-->[androidx.work:work-runtime:2.8.0] AndroidManifest.xml:54:13-81
229            android:directBootAware="false"
229-->[androidx.work:work-runtime:2.8.0] AndroidManifest.xml:55:13-44
230            android:enabled="@bool/enable_system_foreground_service_default"
230-->[androidx.work:work-runtime:2.8.0] AndroidManifest.xml:56:13-77
231            android:exported="false" />
231-->[androidx.work:work-runtime:2.8.0] AndroidManifest.xml:57:13-37
232
233        <receiver
233-->[androidx.work:work-runtime:2.8.0] AndroidManifest.xml:61:9-66:35
234            android:name="androidx.work.impl.utils.ForceStopRunnable$BroadcastReceiver"
234-->[androidx.work:work-runtime:2.8.0] AndroidManifest.xml:62:13-88
235            android:directBootAware="false"
235-->[androidx.work:work-runtime:2.8.0] AndroidManifest.xml:63:13-44
236            android:enabled="true"
236-->[androidx.work:work-runtime:2.8.0] AndroidManifest.xml:64:13-35
237            android:exported="false" />
237-->[androidx.work:work-runtime:2.8.0] AndroidManifest.xml:65:13-37
238        <receiver
238-->[androidx.work:work-runtime:2.8.0] AndroidManifest.xml:67:9-77:20
239            android:name="androidx.work.impl.background.systemalarm.ConstraintProxy$BatteryChargingProxy"
239-->[androidx.work:work-runtime:2.8.0] AndroidManifest.xml:68:13-106
240            android:directBootAware="false"
240-->[androidx.work:work-runtime:2.8.0] AndroidManifest.xml:69:13-44
241            android:enabled="false"
241-->[androidx.work:work-runtime:2.8.0] AndroidManifest.xml:70:13-36
242            android:exported="false" >
242-->[androidx.work:work-runtime:2.8.0] AndroidManifest.xml:71:13-37
243            <intent-filter>
243-->[androidx.work:work-runtime:2.8.0] AndroidManifest.xml:73:13-76:29
244                <action android:name="android.intent.action.ACTION_POWER_CONNECTED" />
244-->[androidx.work:work-runtime:2.8.0] AndroidManifest.xml:74:17-87
244-->[androidx.work:work-runtime:2.8.0] AndroidManifest.xml:74:25-84
245                <action android:name="android.intent.action.ACTION_POWER_DISCONNECTED" />
245-->[androidx.work:work-runtime:2.8.0] AndroidManifest.xml:75:17-90
245-->[androidx.work:work-runtime:2.8.0] AndroidManifest.xml:75:25-87
246            </intent-filter>
247        </receiver>
248        <receiver
248-->[androidx.work:work-runtime:2.8.0] AndroidManifest.xml:78:9-88:20
249            android:name="androidx.work.impl.background.systemalarm.ConstraintProxy$BatteryNotLowProxy"
249-->[androidx.work:work-runtime:2.8.0] AndroidManifest.xml:79:13-104
250            android:directBootAware="false"
250-->[androidx.work:work-runtime:2.8.0] AndroidManifest.xml:80:13-44
251            android:enabled="false"
251-->[androidx.work:work-runtime:2.8.0] AndroidManifest.xml:81:13-36
252            android:exported="false" >
252-->[androidx.work:work-runtime:2.8.0] AndroidManifest.xml:82:13-37
253            <intent-filter>
253-->[androidx.work:work-runtime:2.8.0] AndroidManifest.xml:84:13-87:29
254                <action android:name="android.intent.action.BATTERY_OKAY" />
254-->[androidx.work:work-runtime:2.8.0] AndroidManifest.xml:85:17-77
254-->[androidx.work:work-runtime:2.8.0] AndroidManifest.xml:85:25-74
255                <action android:name="android.intent.action.BATTERY_LOW" />
255-->[androidx.work:work-runtime:2.8.0] AndroidManifest.xml:86:17-76
255-->[androidx.work:work-runtime:2.8.0] AndroidManifest.xml:86:25-73
256            </intent-filter>
257        </receiver>
258        <receiver
258-->[androidx.work:work-runtime:2.8.0] AndroidManifest.xml:89:9-99:20
259            android:name="androidx.work.impl.background.systemalarm.ConstraintProxy$StorageNotLowProxy"
259-->[androidx.work:work-runtime:2.8.0] AndroidManifest.xml:90:13-104
260            android:directBootAware="false"
260-->[androidx.work:work-runtime:2.8.0] AndroidManifest.xml:91:13-44
261            android:enabled="false"
261-->[androidx.work:work-runtime:2.8.0] AndroidManifest.xml:92:13-36
262            android:exported="false" >
262-->[androidx.work:work-runtime:2.8.0] AndroidManifest.xml:93:13-37
263            <intent-filter>
263-->[androidx.work:work-runtime:2.8.0] AndroidManifest.xml:95:13-98:29
264                <action android:name="android.intent.action.DEVICE_STORAGE_LOW" />
264-->[androidx.work:work-runtime:2.8.0] AndroidManifest.xml:96:17-83
264-->[androidx.work:work-runtime:2.8.0] AndroidManifest.xml:96:25-80
265                <action android:name="android.intent.action.DEVICE_STORAGE_OK" />
265-->[androidx.work:work-runtime:2.8.0] AndroidManifest.xml:97:17-82
265-->[androidx.work:work-runtime:2.8.0] AndroidManifest.xml:97:25-79
266            </intent-filter>
267        </receiver>
268        <receiver
268-->[androidx.work:work-runtime:2.8.0] AndroidManifest.xml:100:9-109:20
269            android:name="androidx.work.impl.background.systemalarm.ConstraintProxy$NetworkStateProxy"
269-->[androidx.work:work-runtime:2.8.0] AndroidManifest.xml:101:13-103
270            android:directBootAware="false"
270-->[androidx.work:work-runtime:2.8.0] AndroidManifest.xml:102:13-44
271            android:enabled="false"
271-->[androidx.work:work-runtime:2.8.0] AndroidManifest.xml:103:13-36
272            android:exported="false" >
272-->[androidx.work:work-runtime:2.8.0] AndroidManifest.xml:104:13-37
273            <intent-filter>
273-->[androidx.work:work-runtime:2.8.0] AndroidManifest.xml:106:13-108:29
274                <action android:name="android.net.conn.CONNECTIVITY_CHANGE" />
274-->[androidx.work:work-runtime:2.8.0] AndroidManifest.xml:107:17-79
274-->[androidx.work:work-runtime:2.8.0] AndroidManifest.xml:107:25-76
275            </intent-filter>
276        </receiver>
277        <receiver
277-->[androidx.work:work-runtime:2.8.0] AndroidManifest.xml:110:9-121:20
278            android:name="androidx.work.impl.background.systemalarm.RescheduleReceiver"
278-->[androidx.work:work-runtime:2.8.0] AndroidManifest.xml:111:13-88
279            android:directBootAware="false"
279-->[androidx.work:work-runtime:2.8.0] AndroidManifest.xml:112:13-44
280            android:enabled="false"
280-->[androidx.work:work-runtime:2.8.0] AndroidManifest.xml:113:13-36
281            android:exported="false" >
281-->[androidx.work:work-runtime:2.8.0] AndroidManifest.xml:114:13-37
282            <intent-filter>
282-->[androidx.work:work-runtime:2.8.0] AndroidManifest.xml:116:13-120:29
283                <action android:name="android.intent.action.BOOT_COMPLETED" />
283-->[androidx.work:work-runtime:2.8.0] AndroidManifest.xml:117:17-79
283-->[androidx.work:work-runtime:2.8.0] AndroidManifest.xml:117:25-76